[14:33:39.229][info] [#0:/home/bigdick/.local/share/nvim/mason/packages/lua-language-server/libexec/main.lua:68]: Lua Lsp startup, root: 	/home/bigdick/.local/share/nvim/mason/packages/lua-language-server/libexec
[14:33:39.229][info] [#0:/home/bigdick/.local/share/nvim/mason/packages/lua-language-server/libexec/main.lua:69]: ROOT:	/home/bigdick/.local/share/nvim/mason/packages/lua-language-server/libexec
[14:33:39.229][info] [#0:/home/bigdick/.local/share/nvim/mason/packages/lua-language-server/libexec/main.lua:70]: LOGPATH:	/home/bigdick/.local/share/nvim/mason/packages/lua-language-server/libexec/log
[14:33:39.229][info] [#0:/home/bigdick/.local/share/nvim/mason/packages/lua-language-server/libexec/main.lua:71]: METAPATH:	/home/bigdick/.local/share/nvim/mason/packages/lua-language-server/libexec/meta
[14:33:39.230][info] [#0:/home/bigdick/.local/share/nvim/mason/packages/lua-language-server/libexec/main.lua:72]: VERSION:	3.11.1
[14:33:39.276][info] [#0:script/proto/proto.lua:260]: Listen Mode: stdio
[14:33:39.277][info] [#0:script/service/service.lua:145]: 
========= Medical Examination Report =========
    --------------- Memory ---------------
        Total: 2.246 MB
        # 00 : 2.246 MB
        # 01 : 0.000 MB
        # 02 : 0.000 MB
        # 03 : 0.000 MB
        # 04 : 0.000 MB
    --------------- Coroutine ---------------
        Total:     0
        Running:   0
        Suspended: 0
        Normal:    0
        Dead:      0
    --------------- Cache ---------------
        Total: 1
        Dead:  0
    ---------------  RPC  ---------------
        Holdon:   0
        Waiting:  0
==============================================
[14:33:39.386][info] [#0:script/client.lua:657]: Client init	{
  capabilities = {
    general = {
      positionEncodings = { "utf-16" }
    },
    textDocument = {
      callHierarchy = {
        dynamicRegistration = false
      },
      codeAction = {
        codeActionLiteralSupport = {
          codeActionKind = {
            valueSet = { "", "quickfix", "refactor", "refactor.extract", "refactor.inline", "refactor.rewrite", "source", "source.organizeImports" }
          }
        },
        dataSupport = true,
        dynamicRegistration = true,
        isPreferredSupport = true,
        resolveSupport = {
          properties = { "edit" }
        }
      },
      completion = {
        completionItem = {
          commitCharactersSupport = true,
          deprecatedSupport = true,
          documentationFormat = { "markdown", "plaintext" },
          insertReplaceSupport = true,
          labelDetailsSupport = true,
          preselectSupport = true,
          resolveSupport = {
            properties = { "documentation", "detail", "additionalTextEdits" }
          },
          snippetSupport = true,
          tagSupport = {
            valueSet = { 1 }
          }
        },
        completionItemKind = {
          valueSet = { 1, 2, 3, 4, 5, 6, 7, 8, 9, 10, 11, 12, 13, 14, 15, 16, 17, 18, 19, 20, 21, 22, 23, 24, 25 }
        },
        completionList = {
          itemDefaults = { "editRange", "insertTextFormat", "insertTextMode", "data" }
        },
        contextSupport = false,
        dynamicRegistration = false
      },
      declaration = {
        linkSupport = true
      },
      definition = {
        dynamicRegistration = true,
        linkSupport = true
      },
      diagnostic = {
        dynamicRegistration = false
      },
      documentHighlight = {
        dynamicRegistration = false
      },
      documentSymbol = {
        dynamicRegistration = false,
        hierarchicalDocumentSymbolSupport = true,
        symbolKind = {
          valueSet = { 1, 2, 3, 4, 5, 6, 7, 8, 9, 10, 11, 12, 13, 14, 15, 16, 17, 18, 19, 20, 21, 22, 23, 24, 25, 26 }
        }
      },
      formatting = {
        dynamicRegistration = true
      },
      hover = {
        contentFormat = { "markdown", "plaintext" },
        dynamicRegistration = true
      },
      implementation = {
        linkSupport = true
      },
      inlayHint = {
        dynamicRegistration = true,
        resolveSupport = {
          properties = { "textEdits", "tooltip", "location", "command" }
        }
      },
      publishDiagnostics = {
        dataSupport = true,
        relatedInformation = true,
        tagSupport = {
          valueSet = { 1, 2 }
        }
      },
      rangeFormatting = {
        dynamicRegistration = true
      },
      references = {
        dynamicRegistration = false
      },
      rename = {
        dynamicRegistration = true,
        prepareSupport = true
      },
      semanticTokens = {
        augmentsSyntaxTokens = true,
        dynamicRegistration = false,
        formats = { "relative" },
        multilineTokenSupport = false,
        overlappingTokenSupport = true,
        requests = {
          full = {
            delta = true
          },
          range = false
        },
        serverCancelSupport = false,
        tokenModifiers = { "declaration", "definition", "readonly", "static", "deprecated", "abstract", "async", "modification", "documentation", "defaultLibrary" },
        tokenTypes = { "namespace", "type", "class", "enum", "interface", "struct", "typeParameter", "parameter", "variable", "property", "enumMember", "event", "function", "method", "macro", "keyword", "modifier", "comment", "string", "number", "regexp", "operator", "decorator" }
      },
      signatureHelp = {
        dynamicRegistration = false,
        signatureInformation = {
          activeParameterSupport = true,
          documentationFormat = { "markdown", "plaintext" },
          parameterInformation = {
            labelOffsetSupport = true
          }
        }
      },
      synchronization = {
        didSave = true,
        dynamicRegistration = false,
        willSave = true,
        willSaveWaitUntil = true
      },
      typeDefinition = {
        linkSupport = true
      }
    },
    window = {
      showDocument = {
        support = true
      },
      showMessage = {
        messageActionItem = {
          additionalPropertiesSupport = false
        }
      },
      workDoneProgress = true
    },
    workspace = {
      applyEdit = true,
      configuration = true,
      didChangeConfiguration = {
        dynamicRegistration = false
      },
      didChangeWatchedFiles = {
        dynamicRegistration = false,
        relativePatternSupport = true
      },
      inlayHint = {
        refreshSupport = true
      },
      semanticTokens = {
        refreshSupport = true
      },
      symbol = {
        dynamicRegistration = false,
        symbolKind = {
          valueSet = { 1, 2, 3, 4, 5, 6, 7, 8, 9, 10, 11, 12, 13, 14, 15, 16, 17, 18, 19, 20, 21, 22, 23, 24, 25, 26 }
        }
      },
      workspaceEdit = {
        resourceOperations = { "rename", "create", "delete" }
      },
      workspaceFolders = true
    }
  },
  clientInfo = {
    name = "Neovim",
    version = "0.10.2+v0.10.2"
  },
  initializationOptions = {},
  processId = 73328,
  rootPath = "/home/bigdick/.config/nvim",
  rootUri = "file:///home/bigdick/.config/nvim",
  trace = "off",
  workDoneToken = "1",
  workspaceFolders = { {
      name = "/home/bigdick/.config/nvim",
      uri = "file:///home/bigdick/.config/nvim"
    } }
}
[14:33:39.387][info] [#0:script/language.lua:137]: VSC language: nil
[14:33:39.387][info] [#0:script/language.lua:138]: LS  language: en-us
[14:33:39.387][info] [#0:script/workspace/workspace.lua:38]: Workspace init root: 	file:///home/bigdick/.config/nvim
[14:33:39.387][info] [#0:script/workspace/workspace.lua:42]: Log path: 	/home/bigdick/.local/share/nvim/mason/packages/lua-language-server/libexec/log/file_home_bigdick_.config_nvim.log
[14:33:39.388][info] [#0:script/workspace/workspace.lua:48]: Workspace create: 	file:///home/bigdick/.config/nvim
[14:33:39.692][info] [#0:script/provider/provider.lua:48]: Load config from client	file:///home/bigdick/.config/nvim
[14:33:39.692][info] [#0:script/provider/provider.lua:49]: {
  Lua = {
    diagnostics = {
      globals = { "vim" }
    },
    workspace = {
      library = { "/usr/share/nvim/runtime/lua", "/usr/share/nvim/runtime/lua/vim/lsp", "/home/bigdick/.local/share/nvim/lazy/ui/nvchad_types", "/home/bigdick/.local/share/nvim/lazy/lazy.nvim/lua/lazy", "${3rd}/luv/library" },
      maxPreload = 100000,
      preloadFileSize = 10000
    }
  }
}
[14:33:39.693][info] [#0:script/provider/provider.lua:48]: Load config from client	file:///home/bigdick/.config/nvim
[14:33:39.693][info] [#0:script/provider/provider.lua:49]: {
  Lua = {
    diagnostics = {
      globals = { "vim" }
    },
    workspace = {
      library = { "/usr/share/nvim/runtime/lua", "/usr/share/nvim/runtime/lua/vim/lsp", "/home/bigdick/.local/share/nvim/lazy/ui/nvchad_types", "/home/bigdick/.local/share/nvim/lazy/lazy.nvim/lua/lazy", "${3rd}/luv/library" },
      maxPreload = 100000,
      preloadFileSize = 10000
    }
  }
}
[14:33:39.793][info] [#0:script/provider/provider.lua:64]: Load config from client	fallback
[14:33:39.794][info] [#0:script/provider/provider.lua:65]: {
  Lua = {
    diagnostics = {
      globals = { "vim" }
    },
    workspace = {
      library = { "/usr/share/nvim/runtime/lua", "/usr/share/nvim/runtime/lua/vim/lsp", "/home/bigdick/.local/share/nvim/lazy/ui/nvchad_types", "/home/bigdick/.local/share/nvim/lazy/lazy.nvim/lua/lazy", "${3rd}/luv/library" },
      maxPreload = 100000,
      preloadFileSize = 10000
    }
  }
}
[14:33:39.794][info] [#0:script/provider/provider.lua:64]: Load config from client	fallback
[14:33:39.794][info] [#0:script/provider/provider.lua:65]: {
  Lua = {
    diagnostics = {
      globals = { "vim" }
    },
    workspace = {
      library = { "/usr/share/nvim/runtime/lua", "/usr/share/nvim/runtime/lua/vim/lsp", "/home/bigdick/.local/share/nvim/lazy/ui/nvchad_types", "/home/bigdick/.local/share/nvim/lazy/lazy.nvim/lua/lazy", "${3rd}/luv/library" },
      maxPreload = 100000,
      preloadFileSize = 10000
    }
  }
}
[14:33:39.928][info] [#0:script/library.lua:212]: Init builtin library at:	file:///home/bigdick/.config/nvim
[14:33:39.964][info] [#0:script/library.lua:212]: Init builtin library at:	nil
[14:33:40.081][info] [#0:script/workspace/workspace.lua:324]: Preload start:	file:///home/bigdick/.config/nvim
[14:33:40.094][info] [#0:script/workspace/workspace.lua:330]: Scan files at:	file:///home/bigdick/.config/nvim
[14:33:40.096][info] [#0:script/workspace/workspace.lua:324]: Preload start:	<fallback>
[14:33:40.103][info] [#0:script/workspace/workspace.lua:353]: Scan library at:	file:///home/bigdick/.local/share/nvim/mason/packages/lua-language-server/libexec/meta/Lua%205.4%20en-us%20utf8/string.lua
[14:33:40.104][info] [#0:script/workspace/workspace.lua:353]: Scan library at:	file:///home/bigdick/.local/share/nvim/mason/packages/lua-language-server/libexec/meta/Lua%205.4%20en-us%20utf8/builtin.lua
[14:33:40.105][info] [#0:script/workspace/workspace.lua:353]: Scan library at:	file:///home/bigdick/.local/share/nvim/mason/packages/lua-language-server/libexec/meta/Lua%205.4%20en-us%20utf8/coroutine.lua
[14:33:40.106][info] [#0:script/workspace/workspace.lua:353]: Scan library at:	file:///home/bigdick/.local/share/nvim/mason/packages/lua-language-server/libexec/meta/Lua%205.4%20en-us%20utf8/io.lua
[14:33:40.106][info] [#0:script/workspace/workspace.lua:353]: Scan library at:	file:///home/bigdick/.local/share/nvim/lazy/lazy.nvim/lua/lazy
[14:33:40.113][info] [#0:script/workspace/workspace.lua:353]: Scan library at:	file:///home/bigdick/.local/share/nvim/mason/packages/lua-language-server/libexec/meta/Lua%205.4%20en-us%20utf8/string.lua
[14:33:40.113][info] [#0:script/workspace/workspace.lua:353]: Scan library at:	file:///home/bigdick/.local/share/nvim/mason/packages/lua-language-server/libexec/meta/Lua%205.4%20en-us%20utf8/builtin.lua
[14:33:40.114][info] [#0:script/workspace/workspace.lua:353]: Scan library at:	file:///home/bigdick/.local/share/nvim/mason/packages/lua-language-server/libexec/meta/Lua%205.4%20en-us%20utf8/coroutine.lua
[14:33:40.114][info] [#0:script/workspace/workspace.lua:353]: Scan library at:	file:///home/bigdick/.local/share/nvim/mason/packages/lua-language-server/libexec/meta/Lua%205.4%20en-us%20utf8/io.lua
[14:33:40.115][info] [#0:script/workspace/workspace.lua:353]: Scan library at:	file:///home/bigdick/.local/share/nvim/lazy/lazy.nvim/lua/lazy
[14:33:40.131][info] [#0:script/workspace/workspace.lua:353]: Scan library at:	file:///home/bigdick/.local/share/nvim/mason/packages/lua-language-server/libexec/meta/Lua%205.4%20en-us%20utf8/package.lua
[14:33:40.132][info] [#0:script/workspace/workspace.lua:353]: Scan library at:	file:///home/bigdick/.local/share/nvim/mason/packages/lua-language-server/libexec/meta/Lua%205.4%20en-us%20utf8/table.lua
[14:33:40.132][info] [#0:script/workspace/workspace.lua:353]: Scan library at:	file:///home/bigdick/.local/share/nvim/mason/packages/lua-language-server/libexec/meta/Lua%205.4%20en-us%20utf8/debug.lua
[14:33:40.133][info] [#0:script/workspace/workspace.lua:353]: Scan library at:	file:///home/bigdick/.local/share/nvim/mason/packages/lua-language-server/libexec/meta/Lua%205.4%20en-us%20utf8/utf8.lua
[14:33:40.133][info] [#0:script/workspace/workspace.lua:353]: Scan library at:	file:///home/bigdick/.local/share/nvim/mason/packages/lua-language-server/libexec/meta/Lua%205.4%20en-us%20utf8/math.lua
[14:33:40.134][info] [#0:script/workspace/workspace.lua:353]: Scan library at:	file:///home/bigdick/.local/share/nvim/lazy/ui/nvchad_types
[14:33:40.136][info] [#0:script/workspace/workspace.lua:353]: Scan library at:	file:///usr/share/nvim/runtime/lua/vim/lsp
[14:33:40.137][info] [#0:script/workspace/workspace.lua:353]: Scan library at:	file:///home/bigdick/.local/share/nvim/mason/packages/lua-language-server/libexec/meta/Lua%205.4%20en-us%20utf8/package.lua
[14:33:40.138][info] [#0:script/workspace/workspace.lua:353]: Scan library at:	file:///home/bigdick/.local/share/nvim/mason/packages/lua-language-server/libexec/meta/Lua%205.4%20en-us%20utf8/table.lua
[14:33:40.138][info] [#0:script/workspace/workspace.lua:353]: Scan library at:	file:///home/bigdick/.local/share/nvim/mason/packages/lua-language-server/libexec/meta/Lua%205.4%20en-us%20utf8/debug.lua
[14:33:40.138][info] [#0:script/workspace/workspace.lua:353]: Scan library at:	file:///home/bigdick/.local/share/nvim/mason/packages/lua-language-server/libexec/meta/Lua%205.4%20en-us%20utf8/utf8.lua
[14:33:40.139][info] [#0:script/workspace/workspace.lua:353]: Scan library at:	file:///home/bigdick/.local/share/nvim/mason/packages/lua-language-server/libexec/meta/Lua%205.4%20en-us%20utf8/math.lua
[14:33:40.139][info] [#0:script/workspace/workspace.lua:353]: Scan library at:	file:///home/bigdick/.local/share/nvim/lazy/ui/nvchad_types
[14:33:40.141][info] [#0:script/workspace/workspace.lua:353]: Scan library at:	file:///usr/share/nvim/runtime/lua/vim/lsp
[14:33:40.145][info] [#0:script/workspace/workspace.lua:353]: Scan library at:	file:///home/bigdick/.local/share/nvim/mason/packages/lua-language-server/libexec/meta/Lua%205.4%20en-us%20utf8/os.lua
[14:33:40.145][info] [#0:script/workspace/workspace.lua:353]: Scan library at:	file:///home/bigdick/.local/share/nvim/mason/packages/lua-language-server/libexec/meta/3rd/luv/library
[14:33:40.150][info] [#0:script/workspace/workspace.lua:353]: Scan library at:	file:///home/bigdick/.local/share/nvim/mason/packages/lua-language-server/libexec/meta/Lua%205.4%20en-us%20utf8/os.lua
[14:33:40.150][info] [#0:script/workspace/workspace.lua:353]: Scan library at:	file:///home/bigdick/.local/share/nvim/mason/packages/lua-language-server/libexec/meta/3rd/luv/library
[14:33:40.155][info] [#0:script/workspace/workspace.lua:353]: Scan library at:	file:///usr/share/nvim/runtime/lua
[14:33:40.161][info] [#0:script/workspace/workspace.lua:353]: Scan library at:	file:///usr/share/nvim/runtime/lua
[14:33:40.184][info] [#0:script/workspace/workspace.lua:353]: Scan library at:	file:///home/bigdick/.local/share/nvim/mason/packages/lua-language-server/libexec/meta/Lua%205.4%20en-us%20utf8/basic.lua
[14:33:40.186][info] [#0:script/workspace/workspace.lua:353]: Scan library at:	file:///home/bigdick/.local/share/nvim/mason/packages/lua-language-server/libexec/meta/Lua%205.4%20en-us%20utf8/basic.lua
[14:33:40.287][info] [#0:script/workspace/workspace.lua:379]: Found 215 files at:	<fallback>
[14:33:40.287][info] [#0:script/workspace/loading.lua:160]: Load files from disk:	<fallback>
[14:33:40.287][info] [#0:script/workspace/workspace.lua:379]: Found 223 files at:	file:///home/bigdick/.config/nvim
[14:33:40.287][info] [#0:script/workspace/loading.lua:160]: Load files from disk:	file:///home/bigdick/.config/nvim
[14:33:40.289][info] [#0:script/workspace/loading.lua:100]: Preload file at: file:///home/bigdick/.local/share/nvim/mason/packages/lua-language-server/libexec/meta/Lua%205.4%20en-us%20utf8/basic.lua , size = 15.621 KB
[14:33:40.323][info] [#0:script/workspace/loading.lua:112]: ++++As library of:	file:///home/bigdick/.local/share/nvim/mason/packages/lua-language-server/libexec/meta/Lua%205.4%20en-us%20utf8/basic.lua
[14:33:40.323][info] [#0:script/workspace/loading.lua:100]: Preload file at: file:///usr/share/nvim/runtime/lua/man.lua , size = 23.687 KB
[14:33:40.359][info] [#0:script/workspace/loading.lua:112]: ++++As library of:	file:///usr/share/nvim/runtime/lua
[14:33:40.359][info] [#0:script/workspace/loading.lua:97]: Skip loaded file: file:///usr/share/nvim/runtime/lua/man.lua
[14:33:40.359][info] [#0:script/workspace/loading.lua:100]: Preload file at: file:///usr/share/nvim/runtime/lua/provider/clipboard/health.lua , size = 1.151 KB
[14:33:40.361][info] [#0:script/workspace/loading.lua:112]: ++++As library of:	file:///usr/share/nvim/runtime/lua
[14:33:40.361][info] [#0:script/workspace/loading.lua:97]: Skip loaded file: file:///usr/share/nvim/runtime/lua/provider/clipboard/health.lua
[14:33:40.361][info] [#0:script/workspace/loading.lua:100]: Preload file at: file:///usr/share/nvim/runtime/lua/provider/python/health.lua , size = 16.369 KB
[14:33:40.379][info] [#0:script/workspace/loading.lua:112]: ++++As library of:	file:///usr/share/nvim/runtime/lua
[14:33:40.379][info] [#0:script/workspace/loading.lua:97]: Skip loaded file: file:///usr/share/nvim/runtime/lua/provider/python/health.lua
[14:33:40.379][info] [#0:script/workspace/loading.lua:100]: Preload file at: file:///usr/share/nvim/runtime/lua/provider/perl/health.lua , size = 2.752 KB
[14:33:40.382][info] [#0:script/workspace/loading.lua:112]: ++++As library of:	file:///usr/share/nvim/runtime/lua
[14:33:40.382][info] [#0:script/workspace/loading.lua:97]: Skip loaded file: file:///usr/share/nvim/runtime/lua/provider/perl/health.lua
[14:33:40.382][info] [#0:script/workspace/loading.lua:100]: Preload file at: file:///usr/share/nvim/runtime/lua/provider/ruby/health.lua , size = 2.211 KB
[14:33:40.398][info] [#0:script/workspace/loading.lua:112]: ++++As library of:	file:///usr/share/nvim/runtime/lua
[14:33:40.399][info] [#0:script/workspace/loading.lua:97]: Skip loaded file: file:///home/bigdick/.local/share/nvim/mason/packages/lua-language-server/libexec/meta/Lua%205.4%20en-us%20utf8/basic.lua
[14:33:40.399][info] [#0:script/workspace/loading.lua:88]: Skip loaded file: file:///usr/share/nvim/runtime/lua/provider/ruby/health.lua
[14:33:40.399][info] [#0:script/workspace/loading.lua:112]: ++++As library of:	file:///usr/share/nvim/runtime/lua
[14:33:40.399][info] [#0:script/workspace/loading.lua:100]: Preload file at: file:///usr/share/nvim/runtime/lua/provider/node/health.lua , size = 3.375 KB
[14:33:40.403][info] [#0:script/workspace/loading.lua:112]: ++++As library of:	file:///usr/share/nvim/runtime/lua
[14:33:40.403][info] [#0:script/workspace/loading.lua:97]: Skip loaded file: file:///usr/share/nvim/runtime/lua/provider/node/health.lua
[14:33:40.403][info] [#0:script/workspace/loading.lua:100]: Preload file at: file:///usr/share/nvim/runtime/lua/nvim/health.lua , size = 12.509 KB
[14:33:40.417][info] [#0:script/workspace/loading.lua:112]: ++++As library of:	file:///usr/share/nvim/runtime/lua
[14:33:40.417][info] [#0:script/workspace/loading.lua:97]: Skip loaded file: file:///usr/share/nvim/runtime/lua/nvim/health.lua
[14:33:40.418][info] [#0:script/workspace/loading.lua:100]: Preload file at: file:///usr/share/nvim/runtime/lua/_vim9script.lua , size = 15.418 KB
[14:33:40.438][info] [#0:script/workspace/loading.lua:112]: ++++As library of:	file:///usr/share/nvim/runtime/lua
[14:33:40.438][info] [#0:script/workspace/loading.lua:100]: Preload file at: file:///usr/share/nvim/runtime/lua/tohtml.lua , size = 42.432 KB
[14:33:40.515][info] [#0:script/workspace/loading.lua:112]: ++++As library of:	file:///usr/share/nvim/runtime/lua
[14:33:40.515][info] [#0:script/workspace/loading.lua:97]: Skip loaded file: file:///usr/share/nvim/runtime/lua/_vim9script.lua
[14:33:40.515][info] [#0:script/workspace/loading.lua:88]: Skip loaded file: file:///usr/share/nvim/runtime/lua/tohtml.lua
[14:33:40.515][info] [#0:script/workspace/loading.lua:112]: ++++As library of:	file:///usr/share/nvim/runtime/lua
[14:33:40.516][info] [#0:script/workspace/loading.lua:100]: Preload file at: file:///usr/share/nvim/runtime/lua/coxpcall.lua , size = 3.451 KB
[14:33:40.520][info] [#0:script/workspace/loading.lua:112]: ++++As library of:	file:///usr/share/nvim/runtime/lua
[14:33:40.520][info] [#0:script/workspace/loading.lua:97]: Skip loaded file: file:///usr/share/nvim/runtime/lua/coxpcall.lua
[14:33:40.520][info] [#0:script/workspace/loading.lua:100]: Preload file at: file:///usr/share/nvim/runtime/lua/vim/_defaults.lua , size = 18.695 KB
[14:33:40.540][info] [#0:script/workspace/loading.lua:112]: ++++As library of:	file:///usr/share/nvim/runtime/lua
[14:33:40.540][info] [#0:script/workspace/loading.lua:88]: Skip loaded file: file:///usr/share/nvim/runtime/lua/vim/_defaults.lua
[14:33:40.540][info] [#0:script/workspace/loading.lua:112]: ++++As library of:	file:///usr/share/nvim/runtime/lua
[14:33:40.540][info] [#0:script/workspace/loading.lua:100]: Preload file at: file:///usr/share/nvim/runtime/lua/vim/ui.lua , size = 5.396 KB
[14:33:40.547][info] [#0:script/workspace/loading.lua:112]: ++++As library of:	file:///usr/share/nvim/runtime/lua
[14:33:40.547][info] [#0:script/workspace/loading.lua:97]: Skip loaded file: file:///usr/share/nvim/runtime/lua/vim/ui.lua
[14:33:40.548][info] [#0:script/workspace/loading.lua:100]: Preload file at: file:///usr/share/nvim/runtime/lua/vim/lsp.lua , size = 40.430 KB
[14:33:40.615][info] [#0:script/workspace/loading.lua:112]: ++++As library of:	file:///usr/share/nvim/runtime/lua
[14:33:40.616][info] [#0:script/workspace/loading.lua:97]: Skip loaded file: file:///usr/share/nvim/runtime/lua/vim/lsp.lua
[14:33:40.616][info] [#0:script/workspace/loading.lua:100]: Preload file at: file:///usr/share/nvim/runtime/lua/vim/treesitter.lua , size = 14.036 KB
[14:33:40.633][info] [#0:script/workspace/loading.lua:112]: ++++As library of:	file:///usr/share/nvim/runtime/lua
[14:33:40.633][info] [#0:script/workspace/loading.lua:97]: Skip loaded file: file:///usr/share/nvim/runtime/lua/vim/treesitter.lua
[14:33:40.633][info] [#0:script/workspace/loading.lua:100]: Preload file at: file:///usr/share/nvim/runtime/lua/vim/uri.lua , size = 3.569 KB
[14:33:40.639][info] [#0:script/workspace/loading.lua:112]: ++++As library of:	file:///usr/share/nvim/runtime/lua
[14:33:40.639][info] [#0:script/workspace/loading.lua:88]: Skip loaded file: file:///usr/share/nvim/runtime/lua/vim/uri.lua
[14:33:40.639][info] [#0:script/workspace/loading.lua:112]: ++++As library of:	file:///usr/share/nvim/runtime/lua
[14:33:40.639][info] [#0:script/workspace/loading.lua:100]: Preload file at: file:///usr/share/nvim/runtime/lua/vim/func/_memoize.lua , size = 1.354 KB
[14:33:40.642][info] [#0:script/workspace/loading.lua:112]: ++++As library of:	file:///usr/share/nvim/runtime/lua
[14:33:40.643][info] [#0:script/workspace/loading.lua:97]: Skip loaded file: file:///usr/share/nvim/runtime/lua/vim/func/_memoize.lua
[14:33:40.643][info] [#0:script/workspace/loading.lua:100]: Preload file at: file:///usr/share/nvim/runtime/lua/vim/version.lua , size = 13.605 KB
[14:33:40.662][info] [#0:script/workspace/loading.lua:112]: ++++As library of:	file:///usr/share/nvim/runtime/lua
[14:33:40.662][info] [#0:script/workspace/loading.lua:88]: Skip loaded file: file:///usr/share/nvim/runtime/lua/vim/version.lua
[14:33:40.662][info] [#0:script/workspace/loading.lua:112]: ++++As library of:	file:///usr/share/nvim/runtime/lua
[14:33:40.663][info] [#0:script/workspace/loading.lua:100]: Preload file at: file:///usr/share/nvim/runtime/lua/vim/_editor.lua , size = 34.328 KB
[14:33:40.704][info] [#0:script/workspace/loading.lua:112]: ++++As library of:	file:///usr/share/nvim/runtime/lua
[14:33:40.704][info] [#0:script/workspace/loading.lua:97]: Skip loaded file: file:///usr/share/nvim/runtime/lua/vim/_editor.lua
[14:33:40.704][info] [#0:script/workspace/loading.lua:100]: Preload file at: file:///usr/share/nvim/runtime/lua/vim/filetype.lua , size = 68.524 KB
[14:33:40.812][info] [#0:script/workspace/loading.lua:112]: ++++As library of:	file:///usr/share/nvim/runtime/lua
[14:33:40.813][info] [#0:script/workspace/loading.lua:88]: Skip loaded file: file:///usr/share/nvim/runtime/lua/vim/filetype.lua
[14:33:40.813][info] [#0:script/workspace/loading.lua:112]: ++++As library of:	file:///usr/share/nvim/runtime/lua
[14:33:40.813][info] [#0:script/workspace/loading.lua:100]: Preload file at: file:///usr/share/nvim/runtime/lua/vim/provider/ruby.lua , size = 1.563 KB
[14:33:40.816][info] [#0:script/workspace/loading.lua:112]: ++++As library of:	file:///usr/share/nvim/runtime/lua
[14:33:40.816][info] [#0:script/workspace/loading.lua:97]: Skip loaded file: file:///usr/share/nvim/runtime/lua/vim/provider/ruby.lua
[14:33:40.816][info] [#0:script/workspace/loading.lua:100]: Preload file at: file:///usr/share/nvim/runtime/lua/vim/provider/python.lua , size = 4.224 KB
[14:33:40.821][info] [#0:script/workspace/loading.lua:112]: ++++As library of:	file:///usr/share/nvim/runtime/lua
[14:33:40.821][info] [#0:script/workspace/loading.lua:97]: Skip loaded file: file:///usr/share/nvim/runtime/lua/vim/provider/python.lua
[14:33:40.821][info] [#0:script/workspace/loading.lua:100]: Preload file at: file:///usr/share/nvim/runtime/lua/vim/provider/perl.lua , size = 1.998 KB
[14:33:40.824][info] [#0:script/workspace/loading.lua:112]: ++++As library of:	file:///usr/share/nvim/runtime/lua
[14:33:40.825][info] [#0:script/workspace/loading.lua:97]: Skip loaded file: file:///usr/share/nvim/runtime/lua/vim/provider/perl.lua
[14:33:40.825][info] [#0:script/workspace/loading.lua:100]: Preload file at: file:///usr/share/nvim/runtime/lua/vim/_watch.lua , size = 8.901 KB
[14:33:40.838][info] [#0:script/workspace/loading.lua:112]: ++++As library of:	file:///usr/share/nvim/runtime/lua
[14:33:40.838][info] [#0:script/workspace/loading.lua:97]: Skip loaded file: file:///usr/share/nvim/runtime/lua/vim/_watch.lua
[14:33:40.838][info] [#0:script/workspace/loading.lua:100]: Preload file at: file:///usr/share/nvim/runtime/lua/vim/snippet.lua , size = 20.081 KB
[14:33:40.864][info] [#0:script/workspace/loading.lua:112]: ++++As library of:	file:///usr/share/nvim/runtime/lua
[14:33:40.865][info] [#0:script/workspace/loading.lua:97]: Skip loaded file: file:///usr/share/nvim/runtime/lua/vim/snippet.lua
[14:33:40.865][info] [#0:script/workspace/loading.lua:100]: Preload file at: file:///usr/share/nvim/runtime/lua/vim/inspect.lua , size = 8.864 KB
[14:33:40.879][info] [#0:script/workspace/loading.lua:112]: ++++As library of:	file:///usr/share/nvim/runtime/lua
[14:33:40.879][info] [#0:script/workspace/loading.lua:88]: Skip loaded file: file:///usr/share/nvim/runtime/lua/vim/inspect.lua
[14:33:40.879][info] [#0:script/workspace/loading.lua:112]: ++++As library of:	file:///usr/share/nvim/runtime/lua
[14:33:40.879][info] [#0:script/workspace/loading.lua:100]: Preload file at: file:///usr/share/nvim/runtime/lua/vim/vimhelp.lua , size = 0.967 KB
[14:33:40.882][info] [#0:script/workspace/loading.lua:112]: ++++As library of:	file:///usr/share/nvim/runtime/lua
[14:33:40.882][info] [#0:script/workspace/loading.lua:97]: Skip loaded file: file:///usr/share/nvim/runtime/lua/vim/vimhelp.lua
[14:33:40.882][info] [#0:script/workspace/loading.lua:100]: Preload file at: file:///usr/share/nvim/runtime/lua/vim/glob.lua , size = 3.001 KB
[14:33:40.886][info] [#0:script/workspace/loading.lua:112]: ++++As library of:	file:///usr/share/nvim/runtime/lua
[14:33:40.887][info] [#0:script/workspace/loading.lua:97]: Skip loaded file: file:///usr/share/nvim/runtime/lua/vim/glob.lua
[14:33:40.887][info] [#0:script/workspace/loading.lua:100]: Preload file at: file:///usr/share/nvim/runtime/lua/vim/shared.lua , size = 29.331 KB
[14:33:40.928][info] [#0:script/workspace/loading.lua:112]: ++++As library of:	file:///usr/share/nvim/runtime/lua
[14:33:40.929][info] [#0:script/workspace/loading.lua:97]: Skip loaded file: file:///usr/share/nvim/runtime/lua/vim/shared.lua
[14:33:40.929][info] [#0:script/workspace/loading.lua:100]: Preload file at: file:///usr/share/nvim/runtime/lua/vim/_comment.lua , size = 8.743 KB
[14:33:40.940][info] [#0:script/workspace/loading.lua:112]: ++++As library of:	file:///usr/share/nvim/runtime/lua
[14:33:40.941][info] [#0:script/workspace/loading.lua:97]: Skip loaded file: file:///usr/share/nvim/runtime/lua/vim/_comment.lua
[14:33:40.941][info] [#0:script/workspace/loading.lua:100]: Preload file at: file:///usr/share/nvim/runtime/lua/vim/re.lua , size = 6.495 KB
[14:33:40.954][info] [#0:script/workspace/loading.lua:112]: ++++As library of:	file:///usr/share/nvim/runtime/lua
[14:33:40.954][info] [#0:script/workspace/loading.lua:97]: Skip loaded file: file:///usr/share/nvim/runtime/lua/vim/re.lua
[14:33:40.955][info] [#0:script/workspace/loading.lua:100]: Preload file at: file:///usr/share/nvim/runtime/lua/vim/health.lua , size = 12.684 KB
[14:33:41.021][info] [#0:script/workspace/loading.lua:112]: ++++As library of:	file:///usr/share/nvim/runtime/lua
[14:33:41.022][info] [#0:script/workspace/loading.lua:97]: Skip loaded file: file:///usr/share/nvim/runtime/lua/vim/health.lua
[14:33:41.022][info] [#0:script/workspace/loading.lua:100]: Preload file at: file:///usr/share/nvim/runtime/lua/vim/_init_packages.lua , size = 3.023 KB
[14:33:41.027][info] [#0:script/workspace/loading.lua:112]: ++++As library of:	file:///usr/share/nvim/runtime/lua
[14:33:41.027][info] [#0:script/workspace/loading.lua:88]: Skip loaded file: file:///usr/share/nvim/runtime/lua/vim/_init_packages.lua
[14:33:41.027][info] [#0:script/workspace/loading.lua:112]: ++++As library of:	file:///usr/share/nvim/runtime/lua
[14:33:41.027][info] [#0:script/workspace/loading.lua:100]: Preload file at: file:///usr/share/nvim/runtime/lua/vim/loader.lua , size = 15.741 KB
[14:33:41.053][info] [#0:script/workspace/loading.lua:112]: ++++As library of:	file:///usr/share/nvim/runtime/lua
[14:33:41.053][info] [#0:script/workspace/loading.lua:97]: Skip loaded file: file:///usr/share/nvim/runtime/lua/vim/loader.lua
[14:33:41.053][info] [#0:script/workspace/loading.lua:100]: Preload file at: file:///usr/share/nvim/runtime/lua/vim/fs.lua , size = 18.719 KB
[14:33:41.074][info] [#0:script/workspace/loading.lua:112]: ++++As library of:	file:///usr/share/nvim/runtime/lua
[14:33:41.074][info] [#0:script/workspace/loading.lua:97]: Skip loaded file: file:///usr/share/nvim/runtime/lua/vim/fs.lua
[14:33:41.074][info] [#0:script/workspace/loading.lua:100]: Preload file at: file:///usr/share/nvim/runtime/lua/vim/filetype/detect.lua , size = 57.151 KB
[14:33:41.143][info] [#0:script/workspace/loading.lua:112]: ++++As library of:	file:///usr/share/nvim/runtime/lua
[14:33:41.144][info] [#0:script/workspace/loading.lua:88]: Skip loaded file: file:///usr/share/nvim/runtime/lua/vim/filetype/detect.lua
[14:33:41.144][info] [#0:script/workspace/loading.lua:112]: ++++As library of:	file:///usr/share/nvim/runtime/lua
[14:33:41.144][info] [#0:script/workspace/loading.lua:100]: Preload file at: file:///usr/share/nvim/runtime/lua/vim/filetype/options.lua , size = 2.559 KB
[14:33:41.149][info] [#0:script/workspace/loading.lua:112]: ++++As library of:	file:///usr/share/nvim/runtime/lua
[14:33:41.149][info] [#0:script/workspace/loading.lua:88]: Skip loaded file: file:///usr/share/nvim/runtime/lua/vim/filetype/options.lua
[14:33:41.149][info] [#0:script/workspace/loading.lua:112]: ++++As library of:	file:///usr/share/nvim/runtime/lua
[14:33:41.150][info] [#0:script/workspace/loading.lua:100]: Preload file at: file:///usr/share/nvim/runtime/lua/vim/highlight.lua , size = 4.526 KB
[14:33:41.156][info] [#0:script/workspace/loading.lua:112]: ++++As library of:	file:///usr/share/nvim/runtime/lua
[14:33:41.156][info] [#0:script/workspace/loading.lua:97]: Skip loaded file: file:///usr/share/nvim/runtime/lua/vim/highlight.lua
[14:33:41.156][info] [#0:script/workspace/loading.lua:100]: Preload file at: file:///usr/share/nvim/runtime/lua/vim/secure.lua , size = 5.018 KB
[14:33:41.164][info] [#0:script/workspace/loading.lua:112]: ++++As library of:	file:///usr/share/nvim/runtime/lua
[14:33:41.165][info] [#0:script/workspace/loading.lua:88]: Skip loaded file: file:///usr/share/nvim/runtime/lua/vim/secure.lua
[14:33:41.165][info] [#0:script/workspace/loading.lua:112]: ++++As library of:	file:///usr/share/nvim/runtime/lua
[14:33:41.165][info] [#0:script/workspace/loading.lua:100]: Preload file at: file:///usr/share/nvim/runtime/lua/vim/iter.lua , size = 25.504 KB
[14:33:41.201][info] [#0:script/workspace/loading.lua:112]: ++++As library of:	file:///usr/share/nvim/runtime/lua
[14:33:41.201][info] [#0:script/workspace/loading.lua:100]: Preload file at: file:///usr/share/nvim/runtime/lua/vim/F.lua , size = 1.076 KB
[14:33:41.203][info] [#0:script/workspace/loading.lua:112]: ++++As library of:	file:///usr/share/nvim/runtime/lua
[14:33:41.204][info] [#0:script/workspace/loading.lua:97]: Skip loaded file: file:///usr/share/nvim/runtime/lua/vim/iter.lua
[14:33:41.204][info] [#0:script/workspace/loading.lua:88]: Skip loaded file: file:///usr/share/nvim/runtime/lua/vim/F.lua
[14:33:41.204][info] [#0:script/workspace/loading.lua:112]: ++++As library of:	file:///usr/share/nvim/runtime/lua
[14:33:41.204][info] [#0:script/workspace/loading.lua:100]: Preload file at: file:///usr/share/nvim/runtime/lua/vim/ui/clipboard/osc52.lua , size = 2.137 KB
[14:33:41.207][info] [#0:script/workspace/loading.lua:112]: ++++As library of:	file:///usr/share/nvim/runtime/lua
[14:33:41.207][info] [#0:script/workspace/loading.lua:97]: Skip loaded file: file:///usr/share/nvim/runtime/lua/vim/ui/clipboard/osc52.lua
[14:33:41.208][info] [#0:script/workspace/loading.lua:100]: Preload file at: file:///usr/share/nvim/runtime/lua/vim/provider.lua , size = 0.197 KB
[14:33:41.208][info] [#0:script/workspace/loading.lua:112]: ++++As library of:	file:///usr/share/nvim/runtime/lua
[14:33:41.208][info] [#0:script/workspace/loading.lua:97]: Skip loaded file: file:///usr/share/nvim/runtime/lua/vim/provider.lua
[14:33:41.209][info] [#0:script/workspace/loading.lua:100]: Preload file at: file:///usr/share/nvim/runtime/lua/vim/func.lua , size = 1.753 KB
[14:33:41.210][info] [#0:script/workspace/loading.lua:112]: ++++As library of:	file:///usr/share/nvim/runtime/lua
[14:33:41.210][info] [#0:script/workspace/loading.lua:97]: Skip loaded file: file:///usr/share/nvim/runtime/lua/vim/func.lua
[14:33:41.210][info] [#0:script/workspace/loading.lua:100]: Preload file at: file:///usr/share/nvim/runtime/lua/vim/_meta/json.lua , size = 1.359 KB
[14:33:41.212][info] [#0:script/workspace/loading.lua:112]: ++++As library of:	file:///usr/share/nvim/runtime/lua
[14:33:41.212][info] [#0:script/workspace/loading.lua:88]: Skip loaded file: file:///usr/share/nvim/runtime/lua/vim/_meta/json.lua
[14:33:41.212][info] [#0:script/workspace/loading.lua:112]: ++++As library of:	file:///usr/share/nvim/runtime/lua
[14:33:41.213][info] [#0:script/workspace/loading.lua:100]: Preload file at: file:///usr/share/nvim/runtime/lua/vim/_meta/regex.lua , size = 1.347 KB
[14:33:41.214][info] [#0:script/workspace/loading.lua:112]: ++++As library of:	file:///usr/share/nvim/runtime/lua
[14:33:41.214][info] [#0:script/workspace/loading.lua:97]: Skip loaded file: file:///usr/share/nvim/runtime/lua/vim/_meta/regex.lua
[14:33:41.215][info] [#0:script/workspace/loading.lua:100]: Preload file at: file:///usr/share/nvim/runtime/lua/vim/_meta/lpeg.lua , size = 15.348 KB
[14:33:41.226][info] [#0:script/workspace/loading.lua:112]: ++++As library of:	file:///usr/share/nvim/runtime/lua
[14:33:41.226][info] [#0:script/workspace/loading.lua:97]: Skip loaded file: file:///usr/share/nvim/runtime/lua/vim/_meta/lpeg.lua
[14:33:41.226][info] [#0:script/workspace/loading.lua:100]: Preload file at: file:///usr/share/nvim/runtime/lua/vim/_meta/diff.lua , size = 2.492 KB
[14:33:41.230][info] [#0:script/workspace/loading.lua:112]: ++++As library of:	file:///usr/share/nvim/runtime/lua
[14:33:41.230][info] [#0:script/workspace/loading.lua:97]: Skip loaded file: file:///usr/share/nvim/runtime/lua/vim/_meta/diff.lua
[14:33:41.230][info] [#0:script/workspace/loading.lua:100]: Preload file at: file:///usr/share/nvim/runtime/lua/vim/_meta/api_keysets.lua , size = 8.292 KB
[14:33:41.245][info] [#0:script/workspace/loading.lua:112]: ++++As library of:	file:///usr/share/nvim/runtime/lua
[14:33:41.245][info] [#0:script/workspace/loading.lua:97]: Skip loaded file: file:///usr/share/nvim/runtime/lua/vim/_meta/api_keysets.lua
[14:33:41.246][info] [#0:script/workspace/loading.lua:100]: Preload file at: file:///usr/share/nvim/runtime/lua/vim/_meta/base64.lua , size = 0.307 KB
[14:33:41.247][info] [#0:script/workspace/loading.lua:112]: ++++As library of:	file:///usr/share/nvim/runtime/lua
[14:33:41.247][info] [#0:script/workspace/loading.lua:97]: Skip loaded file: file:///usr/share/nvim/runtime/lua/vim/_meta/base64.lua
[14:33:41.248][info] [#0:script/workspace/loading.lua:100]: Preload file at: file:///usr/share/nvim/runtime/lua/vim/_meta/spell.lua , size = 0.943 KB
[14:33:41.249][info] [#0:script/workspace/loading.lua:112]: ++++As library of:	file:///usr/share/nvim/runtime/lua
[14:33:41.250][info] [#0:script/workspace/loading.lua:97]: Skip loaded file: file:///usr/share/nvim/runtime/lua/vim/_meta/spell.lua
[14:33:41.252][info] [#0:script/workspace/loading.lua:100]: Preload file at: file:///usr/share/nvim/runtime/lua/vim/_meta/vimfn.lua , size = 398.838 KB
[14:33:41.428][warn] [#0:script/files.lua:704]: Compile [file:///usr/share/nvim/runtime/lua/vim/_meta/vimfn.lua] takes [0.176] sec, size [408.410] kb.
[14:33:41.568][warn] [#0:script/files.lua:556]: Parse LuaDoc of [file:///usr/share/nvim/runtime/lua/vim/_meta/vimfn.lua] takes [0.139] sec, size [408.410] kb.
[14:33:41.602][info] [#0:script/workspace/loading.lua:112]: ++++As library of:	file:///usr/share/nvim/runtime/lua
[14:33:41.602][info] [#0:script/workspace/loading.lua:100]: Preload file at: file:///usr/share/nvim/runtime/lua/vim/_meta/re.lua , size = 2.217 KB
[14:33:41.605][info] [#0:script/workspace/loading.lua:112]: ++++As library of:	file:///usr/share/nvim/runtime/lua
[14:33:41.605][info] [#0:script/workspace/loading.lua:97]: Skip loaded file: file:///usr/share/nvim/runtime/lua/vim/_meta/re.lua
[14:33:41.605][info] [#0:script/workspace/loading.lua:100]: Preload file at: file:///usr/share/nvim/runtime/lua/vim/_meta/api_keysets_extra.lua , size = 4.535 KB
[14:33:41.613][info] [#0:script/workspace/loading.lua:112]: ++++As library of:	file:///usr/share/nvim/runtime/lua
[14:33:41.613][info] [#0:script/workspace/loading.lua:97]: Skip loaded file: file:///usr/share/nvim/runtime/lua/vim/_meta/api_keysets_extra.lua
[14:33:41.613][info] [#0:script/workspace/loading.lua:100]: Preload file at: file:///usr/share/nvim/runtime/lua/vim/_meta/builtin_types.lua , size = 3.362 KB
[14:33:41.619][info] [#0:script/workspace/loading.lua:112]: ++++As library of:	file:///usr/share/nvim/runtime/lua
[14:33:41.619][info] [#0:script/workspace/loading.lua:97]: Skip loaded file: file:///usr/share/nvim/runtime/lua/vim/_meta/builtin_types.lua
[14:33:41.619][info] [#0:script/workspace/loading.lua:100]: Preload file at: file:///usr/share/nvim/runtime/lua/vim/_meta/mpack.lua , size = 0.478 KB
[14:33:41.620][info] [#0:script/workspace/loading.lua:112]: ++++As library of:	file:///usr/share/nvim/runtime/lua
[14:33:41.621][info] [#0:script/workspace/loading.lua:97]: Skip loaded file: file:///usr/share/nvim/runtime/lua/vim/_meta/mpack.lua
[14:33:41.621][info] [#0:script/workspace/loading.lua:100]: Preload file at: file:///usr/share/nvim/runtime/lua/vim/_meta/builtin.lua , size = 11.183 KB
[14:33:41.629][info] [#0:script/workspace/loading.lua:112]: ++++As library of:	file:///usr/share/nvim/runtime/lua
[14:33:41.629][info] [#0:script/workspace/loading.lua:97]: Skip loaded file: file:///usr/share/nvim/runtime/lua/vim/_meta/builtin.lua
[14:33:41.629][info] [#0:script/workspace/loading.lua:100]: Preload file at: file:///usr/share/nvim/runtime/lua/vim/_meta/vvars.lua , size = 25.272 KB
[14:33:41.649][info] [#0:script/workspace/loading.lua:112]: ++++As library of:	file:///usr/share/nvim/runtime/lua
[14:33:41.649][info] [#0:script/workspace/loading.lua:97]: Skip loaded file: file:///usr/share/nvim/runtime/lua/vim/_meta/vvars.lua
[14:33:41.649][info] [#0:script/workspace/loading.lua:100]: Preload file at: file:///usr/share/nvim/runtime/lua/vim/_meta/misc.lua , size = 0.291 KB
[14:33:41.650][info] [#0:script/workspace/loading.lua:112]: ++++As library of:	file:///usr/share/nvim/runtime/lua
[14:33:41.650][info] [#0:script/workspace/loading.lua:97]: Skip loaded file: file:///usr/share/nvim/runtime/lua/vim/_meta/misc.lua
[14:33:41.651][info] [#0:script/workspace/loading.lua:97]: Skip loaded file: file:///usr/share/nvim/runtime/lua/vim/_meta/vimfn.lua
[14:33:41.651][info] [#0:script/workspace/loading.lua:100]: Preload file at: file:///usr/share/nvim/runtime/lua/vim/_meta/options.lua , size = 323.972 KB
[14:33:41.875][warn] [#0:script/files.lua:704]: Compile [file:///usr/share/nvim/runtime/lua/vim/_meta/options.lua] takes [0.221] sec, size [331.747] kb.
[14:33:42.008][info] [#0:script/workspace/loading.lua:112]: ++++As library of:	file:///usr/share/nvim/runtime/lua
[14:33:42.008][info] [#0:script/workspace/loading.lua:100]: Preload file at: file:///usr/share/nvim/runtime/lua/vim/_meta/api.lua , size = 97.321 KB
[14:33:42.087][info] [#0:script/workspace/loading.lua:112]: ++++As library of:	file:///usr/share/nvim/runtime/lua
[14:33:42.087][info] [#0:script/workspace/loading.lua:97]: Skip loaded file: file:///usr/share/nvim/runtime/lua/vim/_meta/api.lua
[14:33:42.087][info] [#0:script/workspace/loading.lua:100]: Preload file at: file:///usr/share/nvim/runtime/lua/vim/_inspector.lua , size = 7.494 KB
[14:33:42.098][info] [#0:script/workspace/loading.lua:112]: ++++As library of:	file:///usr/share/nvim/runtime/lua
[14:33:42.099][info] [#0:script/workspace/loading.lua:97]: Skip loaded file: file:///usr/share/nvim/runtime/lua/vim/_meta/options.lua
[14:33:42.099][info] [#0:script/workspace/loading.lua:97]: Skip loaded file: file:///usr/share/nvim/runtime/lua/vim/_inspector.lua
[14:33:42.105][info] [#0:script/workspace/loading.lua:100]: Preload file at: file:///usr/share/nvim/runtime/lua/vim/keymap.lua , size = 3.682 KB
[14:33:42.110][info] [#0:script/workspace/loading.lua:112]: ++++As library of:	file:///usr/share/nvim/runtime/lua
[14:33:42.110][info] [#0:script/workspace/loading.lua:88]: Skip loaded file: file:///usr/share/nvim/runtime/lua/vim/keymap.lua
[14:33:42.110][info] [#0:script/workspace/loading.lua:112]: ++++As library of:	file:///usr/share/nvim/runtime/lua
[14:33:42.111][info] [#0:script/workspace/loading.lua:100]: Preload file at: file:///usr/share/nvim/runtime/lua/vim/_meta.lua , size = 0.977 KB
[14:33:42.114][info] [#0:script/workspace/loading.lua:112]: ++++As library of:	file:///usr/share/nvim/runtime/lua
[14:33:42.114][info] [#0:script/workspace/loading.lua:97]: Skip loaded file: file:///usr/share/nvim/runtime/lua/vim/_meta.lua
[14:33:42.114][info] [#0:script/workspace/loading.lua:100]: Preload file at: file:///usr/share/nvim/runtime/lua/vim/_system.lua , size = 9.135 KB
[14:33:42.129][info] [#0:script/workspace/loading.lua:112]: ++++As library of:	file:///usr/share/nvim/runtime/lua
[14:33:42.129][info] [#0:script/workspace/loading.lua:97]: Skip loaded file: file:///usr/share/nvim/runtime/lua/vim/_system.lua
[14:33:42.130][info] [#0:script/workspace/loading.lua:100]: Preload file at: file:///usr/share/nvim/runtime/lua/vim/diagnostic.lua , size = 69.172 KB
[14:33:42.219][info] [#0:script/workspace/loading.lua:112]: ++++As library of:	file:///usr/share/nvim/runtime/lua
[14:33:42.220][info] [#0:script/workspace/loading.lua:100]: Preload file at: file:///usr/share/nvim/runtime/lua/vim/text.lua , size = 0.812 KB
[14:33:42.222][info] [#0:script/workspace/loading.lua:112]: ++++As library of:	file:///usr/share/nvim/runtime/lua
[14:33:42.222][info] [#0:script/workspace/loading.lua:97]: Skip loaded file: file:///usr/share/nvim/runtime/lua/vim/diagnostic.lua
[14:33:42.222][info] [#0:script/workspace/loading.lua:88]: Skip loaded file: file:///usr/share/nvim/runtime/lua/vim/text.lua
[14:33:42.222][info] [#0:script/workspace/loading.lua:112]: ++++As library of:	file:///usr/share/nvim/runtime/lua
[14:33:42.225][info] [#0:script/workspace/loading.lua:100]: Preload file at: file:///usr/share/nvim/runtime/lua/vim/lsp/log.lua , size = 4.673 KB
[14:33:42.232][info] [#0:script/workspace/loading.lua:112]: ++++As library of:	file:///usr/share/nvim/runtime/lua
[14:33:42.232][info] [#0:script/workspace/loading.lua:97]: Skip loaded file: file:///usr/share/nvim/runtime/lua/vim/lsp/log.lua
[14:33:42.232][info] [#0:script/workspace/loading.lua:100]: Preload file at: file:///usr/share/nvim/runtime/lua/vim/lsp/inlay_hint.lua , size = 12.172 KB
[14:33:42.248][info] [#0:script/workspace/loading.lua:112]: ++++As library of:	file:///usr/share/nvim/runtime/lua
[14:33:42.249][info] [#0:script/workspace/loading.lua:88]: Skip loaded file: file:///usr/share/nvim/runtime/lua/vim/lsp/inlay_hint.lua
[14:33:42.249][info] [#0:script/workspace/loading.lua:112]: ++++As library of:	file:///usr/share/nvim/runtime/lua
[14:33:42.250][info] [#0:script/workspace/loading.lua:100]: Preload file at: file:///usr/share/nvim/runtime/lua/vim/lsp/_changetracking.lua , size = 11.492 KB
[14:33:42.265][info] [#0:script/workspace/loading.lua:112]: ++++As library of:	file:///usr/share/nvim/runtime/lua
[14:33:42.265][info] [#0:script/workspace/loading.lua:97]: Skip loaded file: file:///usr/share/nvim/runtime/lua/vim/lsp/_changetracking.lua
[14:33:42.265][info] [#0:script/workspace/loading.lua:100]: Preload file at: file:///usr/share/nvim/runtime/lua/vim/lsp/buf.lua , size = 31.091 KB
[14:33:42.301][info] [#0:script/workspace/loading.lua:112]: ++++As library of:	file:///usr/share/nvim/runtime/lua
[14:33:42.301][info] [#0:script/workspace/loading.lua:88]: Skip loaded file: file:///usr/share/nvim/runtime/lua/vim/lsp/buf.lua
[14:33:42.301][info] [#0:script/workspace/loading.lua:112]: ++++As library of:	file:///usr/share/nvim/runtime/lua
[14:33:42.304][info] [#0:script/workspace/loading.lua:100]: Preload file at: file:///usr/share/nvim/runtime/lua/vim/lsp/_snippet_grammar.lua , size = 6.179 KB
[14:33:42.315][info] [#0:script/workspace/loading.lua:112]: ++++As library of:	file:///usr/share/nvim/runtime/lua
[14:33:42.315][info] [#0:script/workspace/loading.lua:97]: Skip loaded file: file:///usr/share/nvim/runtime/lua/vim/lsp/_snippet_grammar.lua
[14:33:42.315][info] [#0:script/workspace/loading.lua:100]: Preload file at: file:///usr/share/nvim/runtime/lua/vim/lsp/sync.lua , size = 16.226 KB
[14:33:42.330][info] [#0:script/workspace/loading.lua:112]: ++++As library of:	file:///usr/share/nvim/runtime/lua
[14:33:42.330][info] [#0:script/workspace/loading.lua:97]: Skip loaded file: file:///usr/share/nvim/runtime/lua/vim/lsp/sync.lua
[14:33:42.330][info] [#0:script/workspace/loading.lua:100]: Preload file at: file:///usr/share/nvim/runtime/lua/vim/lsp/health.lua , size = 5.398 KB
[14:33:42.338][info] [#0:script/workspace/loading.lua:112]: ++++As library of:	file:///usr/share/nvim/runtime/lua
[14:33:42.338][info] [#0:script/workspace/loading.lua:97]: Skip loaded file: file:///usr/share/nvim/runtime/lua/vim/lsp/health.lua
[14:33:42.338][info] [#0:script/workspace/loading.lua:100]: Preload file at: file:///usr/share/nvim/runtime/lua/vim/lsp/protocol.lua , size = 48.943 KB
[14:33:42.360][info] [#0:script/workspace/loading.lua:112]: ++++As library of:	file:///usr/share/nvim/runtime/lua
[14:33:42.361][info] [#0:script/workspace/loading.lua:100]: Preload file at: file:///usr/share/nvim/runtime/lua/vim/lsp/_dynamic.lua , size = 2.973 KB
[14:33:42.366][info] [#0:script/workspace/loading.lua:112]: ++++As library of:	file:///usr/share/nvim/runtime/lua
[14:33:42.366][info] [#0:script/workspace/loading.lua:97]: Skip loaded file: file:///usr/share/nvim/runtime/lua/vim/lsp/_dynamic.lua
[14:33:42.367][info] [#0:script/workspace/loading.lua:97]: Skip loaded file: file:///usr/share/nvim/runtime/lua/vim/lsp/protocol.lua
[14:33:42.367][info] [#0:script/workspace/loading.lua:100]: Preload file at: file:///usr/share/nvim/runtime/lua/vim/lsp/_tagfunc.lua , size = 2.787 KB
[14:33:42.371][info] [#0:script/workspace/loading.lua:112]: ++++As library of:	file:///usr/share/nvim/runtime/lua
[14:33:42.371][info] [#0:script/workspace/loading.lua:97]: Skip loaded file: file:///usr/share/nvim/runtime/lua/vim/lsp/_tagfunc.lua
[14:33:42.372][info] [#0:script/workspace/loading.lua:100]: Preload file at: file:///usr/share/nvim/runtime/lua/vim/lsp/codelens.lua , size = 9.336 KB
[14:33:42.384][info] [#0:script/workspace/loading.lua:112]: ++++As library of:	file:///usr/share/nvim/runtime/lua
[14:33:42.384][info] [#0:script/workspace/loading.lua:97]: Skip loaded file: file:///usr/share/nvim/runtime/lua/vim/lsp/codelens.lua
[14:33:42.384][info] [#0:script/workspace/loading.lua:100]: Preload file at: file:///usr/share/nvim/runtime/lua/vim/lsp/_watchfiles.lua , size = 6.889 KB
[14:33:42.393][info] [#0:script/workspace/loading.lua:112]: ++++As library of:	file:///usr/share/nvim/runtime/lua
[14:33:42.393][info] [#0:script/workspace/loading.lua:88]: Skip loaded file: file:///usr/share/nvim/runtime/lua/vim/lsp/_watchfiles.lua
[14:33:42.393][info] [#0:script/workspace/loading.lua:112]: ++++As library of:	file:///usr/share/nvim/runtime/lua
[14:33:42.394][info] [#0:script/workspace/loading.lua:100]: Preload file at: file:///usr/share/nvim/runtime/lua/vim/lsp/_meta/protocol.lua , size = 175.343 KB
[14:33:42.699][info] [#0:script/workspace/loading.lua:112]: ++++As library of:	file:///usr/share/nvim/runtime/lua
[14:33:42.700][info] [#0:script/workspace/loading.lua:97]: Skip loaded file: file:///usr/share/nvim/runtime/lua/vim/lsp/_meta/protocol.lua
[14:33:42.700][info] [#0:script/workspace/loading.lua:100]: Preload file at: file:///usr/share/nvim/runtime/lua/vim/lsp/semantic_tokens.lua , size = 26.267 KB
[14:33:42.731][info] [#0:script/workspace/loading.lua:112]: ++++As library of:	file:///usr/share/nvim/runtime/lua
[14:33:42.731][info] [#0:script/workspace/loading.lua:97]: Skip loaded file: file:///usr/share/nvim/runtime/lua/vim/lsp/semantic_tokens.lua
[14:33:42.731][info] [#0:script/workspace/loading.lua:100]: Preload file at: file:///usr/share/nvim/runtime/lua/vim/lsp/_meta.lua , size = 0.440 KB
[14:33:42.733][info] [#0:script/workspace/loading.lua:112]: ++++As library of:	file:///usr/share/nvim/runtime/lua
[14:33:42.733][info] [#0:script/workspace/loading.lua:97]: Skip loaded file: file:///usr/share/nvim/runtime/lua/vim/lsp/_meta.lua
[14:33:42.733][info] [#0:script/workspace/loading.lua:100]: Preload file at: file:///usr/share/nvim/runtime/lua/vim/lsp/_completion.lua , size = 8.965 KB
[14:33:42.744][info] [#0:script/workspace/loading.lua:112]: ++++As library of:	file:///usr/share/nvim/runtime/lua
[14:33:42.744][info] [#0:script/workspace/loading.lua:97]: Skip loaded file: file:///usr/share/nvim/runtime/lua/vim/lsp/_completion.lua
[14:33:42.744][info] [#0:script/workspace/loading.lua:100]: Preload file at: file:///usr/share/nvim/runtime/lua/vim/lsp/rpc.lua , size = 25.991 KB
[14:33:42.776][info] [#0:script/workspace/loading.lua:112]: ++++As library of:	file:///usr/share/nvim/runtime/lua
[14:33:42.776][info] [#0:script/workspace/loading.lua:97]: Skip loaded file: file:///usr/share/nvim/runtime/lua/vim/lsp/rpc.lua
[14:33:42.776][info] [#0:script/workspace/loading.lua:100]: Preload file at: file:///usr/share/nvim/runtime/lua/vim/lsp/diagnostic.lua , size = 13.852 KB
[14:33:42.793][info] [#0:script/workspace/loading.lua:112]: ++++As library of:	file:///usr/share/nvim/runtime/lua
[14:33:42.793][info] [#0:script/workspace/loading.lua:97]: Skip loaded file: file:///usr/share/nvim/runtime/lua/vim/lsp/diagnostic.lua
[14:33:42.793][info] [#0:script/workspace/loading.lua:100]: Preload file at: file:///usr/share/nvim/runtime/lua/vim/lsp/util.lua , size = 77.017 KB
[14:33:42.881][info] [#0:script/workspace/loading.lua:112]: ++++As library of:	file:///usr/share/nvim/runtime/lua
[14:33:42.881][info] [#0:script/workspace/loading.lua:97]: Skip loaded file: file:///usr/share/nvim/runtime/lua/vim/lsp/util.lua
[14:33:42.881][warn] [#0:script/pub/report.lua:24]: Load proto error:	Disconnected!
